<?xml version="1.0" encoding="UTF-8"?>
<robot generator="Robot 4.1 (Python 3.9.6 on win32)" generated="20230109 04:05:25.412" rpa="false" schemaversion="2">
<suite id="s1" name="Test" source="C:\Users\amos\PycharmProjects\WebSparksTest\Test\Test.robot">
<kw name="Open Browser" library="SeleniumLibrary" type="SETUP">
<arg>https://todo-list-login.firebaseapp.com/#!/</arg>
<arg>chrome</arg>
<doc>Opens a new browser instance to the optional ``url``.</doc>
<msg timestamp="20230109 04:05:25.628" level="INFO">Opening browser 'chrome' to base url 'https://todo-list-login.firebaseapp.com/#!/'.</msg>
<status status="PASS" starttime="20230109 04:05:25.627" endtime="20230109 04:05:26.959"/>
</kw>
<test id="s1-t1" name="Login Test">
<kw name="Login">
<kw name="Go To" library="SeleniumLibrary">
<arg>${LoginLink}</arg>
<doc>Navigates the current browser window to the provided ``url``.</doc>
<msg timestamp="20230109 04:05:26.960" level="INFO">Opening url 'https://todo-list-login.firebaseapp.com/#!/'</msg>
<status status="PASS" starttime="20230109 04:05:26.960" endtime="20230109 04:05:27.035"/>
</kw>
<kw name="Click Element" library="SeleniumLibrary">
<arg>${GitHubSignIn}</arg>
<doc>Click the element identified by ``locator``.</doc>
<msg timestamp="20230109 04:05:27.035" level="INFO">Clicking element '//*[contains(@class,'btn btn-social btn-github') and contains(@ng-click,'login.loginWithGithub()')]'.</msg>
<status status="PASS" starttime="20230109 04:05:27.035" endtime="20230109 04:05:27.114"/>
</kw>
<kw name="Switch Window" library="SeleniumLibrary">
<arg>new</arg>
<doc>Switches to browser window matching ``locator``.</doc>
<status status="PASS" starttime="20230109 04:05:27.115" endtime="20230109 04:05:27.129"/>
</kw>
<status status="PASS" starttime="20230109 04:05:26.959" endtime="20230109 04:05:27.129"/>
</kw>
<kw name="Sign In">
<kw name="Wait Until Element Is Visible" library="SeleniumLibrary">
<arg>${TextInput}</arg>
<doc>Waits until the element ``locator`` is visible.</doc>
<status status="PASS" starttime="20230109 04:05:27.129" endtime="20230109 04:05:29.472"/>
</kw>
<kw name="Wait Until Element Is Visible" library="SeleniumLibrary">
<arg>${PasswordInput}</arg>
<doc>Waits until the element ``locator`` is visible.</doc>
<status status="PASS" starttime="20230109 04:05:29.472" endtime="20230109 04:05:29.488"/>
</kw>
<kw name="Input Text" library="SeleniumLibrary">
<arg>${TextInput}</arg>
<arg>${Username}</arg>
<doc>Types the given ``text`` into the text field identified by ``locator``.</doc>
<msg timestamp="20230109 04:05:29.488" level="INFO">Typing text 'Dekiimasen' into text field '//input[@type='text']'.</msg>
<status status="PASS" starttime="20230109 04:05:29.488" endtime="20230109 04:05:29.537"/>
</kw>
<kw name="Input Password" library="SeleniumLibrary">
<arg>${PasswordInput}</arg>
<arg>${Password}</arg>
<doc>Types the given password into the text field identified by ``locator``.</doc>
<msg timestamp="20230109 04:05:29.537" level="INFO">Typing password into text field '//input[@type='password']'.</msg>
<msg timestamp="20230109 04:05:29.563" level="INFO">Temporally setting log level to: NONE</msg>
<msg timestamp="20230109 04:05:29.600" level="INFO">Log level changed from NONE to INFO.</msg>
<status status="PASS" starttime="20230109 04:05:29.537" endtime="20230109 04:05:29.600"/>
</kw>
<kw name="Click Element" library="SeleniumLibrary">
<arg>${SignInButton}</arg>
<doc>Click the element identified by ``locator``.</doc>
<msg timestamp="20230109 04:05:29.600" level="INFO">Clicking element '//input[@type='submit']'.</msg>
<status status="PASS" starttime="20230109 04:05:29.600" endtime="20230109 04:05:31.293"/>
</kw>
<kw name="Sleep" library="BuiltIn">
<arg>5s</arg>
<doc>Pauses the test executed for the given time.</doc>
<msg timestamp="20230109 04:05:36.306" level="INFO">Slept 5 seconds</msg>
<status status="PASS" starttime="20230109 04:05:31.293" endtime="20230109 04:05:36.306"/>
</kw>
<status status="PASS" starttime="20230109 04:05:27.129" endtime="20230109 04:05:36.306"/>
</kw>
<doc>US1 - Test login</doc>
<tag>login, verification, logout</tag>
<status status="PASS" starttime="20230109 04:05:26.959" endtime="20230109 04:05:36.306"/>
</test>
<test id="s1-t2" name="Adding Text to List Test">
<kw name="Add Text to List">
<kw name="Switch Window" library="SeleniumLibrary">
<arg>main</arg>
<doc>Switches to browser window matching ``locator``.</doc>
<status status="PASS" starttime="20230109 04:05:36.307" endtime="20230109 04:05:36.310"/>
</kw>
<kw name="Sleep" library="BuiltIn">
<arg>2s</arg>
<doc>Pauses the test executed for the given time.</doc>
<msg timestamp="20230109 04:05:38.318" level="INFO">Slept 2 seconds</msg>
<status status="PASS" starttime="20230109 04:05:36.310" endtime="20230109 04:05:38.318"/>
</kw>
<kw name="Wait Until Element Is Visible" library="SeleniumLibrary">
<arg>${TextInput}</arg>
<doc>Waits until the element ``locator`` is visible.</doc>
<status status="PASS" starttime="20230109 04:05:38.318" endtime="20230109 04:05:38.332"/>
</kw>
<kw name="Input Text" library="SeleniumLibrary">
<arg>${ListInput}</arg>
<arg>${Variable1}</arg>
<doc>Types the given ``text`` into the text field identified by ``locator``.</doc>
<msg timestamp="20230109 04:05:38.332" level="INFO">Typing text 'a' into text field '//input[@ng-model='home.list']'.</msg>
<status status="PASS" starttime="20230109 04:05:38.332" endtime="20230109 04:05:38.385"/>
</kw>
<kw name="Click Element" library="SeleniumLibrary">
<arg>${AddListButton}</arg>
<doc>Click the element identified by ``locator``.</doc>
<msg timestamp="20230109 04:05:38.385" level="INFO">Clicking element '//button[@ng-click='home.list &amp;&amp; home.add()']'.</msg>
<status status="PASS" starttime="20230109 04:05:38.385" endtime="20230109 04:05:38.425"/>
</kw>
<kw name="Wait Until Page Contains" library="SeleniumLibrary">
<arg>${Variable1} List</arg>
<doc>Waits until ``text`` appears on the current page.</doc>
<status status="PASS" starttime="20230109 04:05:38.425" endtime="20230109 04:05:38.434"/>
</kw>
<kw name="Sleep" library="BuiltIn">
<arg>1s</arg>
<doc>Pauses the test executed for the given time.</doc>
<msg timestamp="20230109 04:05:39.442" level="INFO">Slept 1 second</msg>
<status status="PASS" starttime="20230109 04:05:38.434" endtime="20230109 04:05:39.442"/>
</kw>
<kw name="Input Text" library="SeleniumLibrary">
<arg>${ListInput}</arg>
<arg>${Variable2}</arg>
<doc>Types the given ``text`` into the text field identified by ``locator``.</doc>
<msg timestamp="20230109 04:05:39.443" level="INFO">Typing text 'b' into text field '//input[@ng-model='home.list']'.</msg>
<status status="PASS" starttime="20230109 04:05:39.442" endtime="20230109 04:05:39.482"/>
</kw>
<kw name="Click Element" library="SeleniumLibrary">
<arg>${AddListButton}</arg>
<doc>Click the element identified by ``locator``.</doc>
<msg timestamp="20230109 04:05:39.483" level="INFO">Clicking element '//button[@ng-click='home.list &amp;&amp; home.add()']'.</msg>
<status status="PASS" starttime="20230109 04:05:39.482" endtime="20230109 04:05:39.508"/>
</kw>
<kw name="Wait Until Page Contains" library="SeleniumLibrary">
<arg>${Variable2} List</arg>
<doc>Waits until ``text`` appears on the current page.</doc>
<status status="PASS" starttime="20230109 04:05:39.508" endtime="20230109 04:05:39.518"/>
</kw>
<kw name="Sleep" library="BuiltIn">
<arg>1s</arg>
<doc>Pauses the test executed for the given time.</doc>
<msg timestamp="20230109 04:05:40.532" level="INFO">Slept 1 second</msg>
<status status="PASS" starttime="20230109 04:05:39.518" endtime="20230109 04:05:40.532"/>
</kw>
<kw name="Input Text" library="SeleniumLibrary">
<arg>${ListInput}</arg>
<arg>${Variable3}</arg>
<doc>Types the given ``text`` into the text field identified by ``locator``.</doc>
<msg timestamp="20230109 04:05:40.532" level="INFO">Typing text 'c' into text field '//input[@ng-model='home.list']'.</msg>
<status status="PASS" starttime="20230109 04:05:40.532" endtime="20230109 04:05:40.570"/>
</kw>
<kw name="Click Element" library="SeleniumLibrary">
<arg>${AddListButton}</arg>
<doc>Click the element identified by ``locator``.</doc>
<msg timestamp="20230109 04:05:40.571" level="INFO">Clicking element '//button[@ng-click='home.list &amp;&amp; home.add()']'.</msg>
<status status="PASS" starttime="20230109 04:05:40.571" endtime="20230109 04:05:40.599"/>
</kw>
<kw name="Wait Until Page Contains" library="SeleniumLibrary">
<arg>${Variable3} List</arg>
<doc>Waits until ``text`` appears on the current page.</doc>
<status status="PASS" starttime="20230109 04:05:40.599" endtime="20230109 04:05:40.610"/>
</kw>
<kw name="Sleep" library="BuiltIn">
<arg>1s</arg>
<doc>Pauses the test executed for the given time.</doc>
<msg timestamp="20230109 04:05:41.623" level="INFO">Slept 1 second</msg>
<status status="PASS" starttime="20230109 04:05:40.610" endtime="20230109 04:05:41.623"/>
</kw>
<kw name="Input Text" library="SeleniumLibrary">
<arg>${ListInput}</arg>
<arg>${Variable4}</arg>
<doc>Types the given ``text`` into the text field identified by ``locator``.</doc>
<msg timestamp="20230109 04:05:41.623" level="INFO">Typing text 'd' into text field '//input[@ng-model='home.list']'.</msg>
<status status="PASS" starttime="20230109 04:05:41.623" endtime="20230109 04:05:41.656"/>
</kw>
<kw name="Click Element" library="SeleniumLibrary">
<arg>${AddListButton}</arg>
<doc>Click the element identified by ``locator``.</doc>
<msg timestamp="20230109 04:05:41.656" level="INFO">Clicking element '//button[@ng-click='home.list &amp;&amp; home.add()']'.</msg>
<status status="PASS" starttime="20230109 04:05:41.656" endtime="20230109 04:05:41.676"/>
</kw>
<kw name="Wait Until Page Contains" library="SeleniumLibrary">
<arg>${Variable4} List</arg>
<doc>Waits until ``text`` appears on the current page.</doc>
<status status="PASS" starttime="20230109 04:05:41.676" endtime="20230109 04:05:41.684"/>
</kw>
<kw name="Sleep" library="BuiltIn">
<arg>1s</arg>
<doc>Pauses the test executed for the given time.</doc>
<msg timestamp="20230109 04:05:42.696" level="INFO">Slept 1 second</msg>
<status status="PASS" starttime="20230109 04:05:41.684" endtime="20230109 04:05:42.696"/>
</kw>
<kw name="Input Text" library="SeleniumLibrary">
<arg>${ListInput}</arg>
<arg>${Variable5}</arg>
<doc>Types the given ``text`` into the text field identified by ``locator``.</doc>
<msg timestamp="20230109 04:05:42.696" level="INFO">Typing text 'e' into text field '//input[@ng-model='home.list']'.</msg>
<status status="PASS" starttime="20230109 04:05:42.696" endtime="20230109 04:05:42.732"/>
</kw>
<kw name="Click Element" library="SeleniumLibrary">
<arg>${AddListButton}</arg>
<doc>Click the element identified by ``locator``.</doc>
<msg timestamp="20230109 04:05:42.733" level="INFO">Clicking element '//button[@ng-click='home.list &amp;&amp; home.add()']'.</msg>
<status status="PASS" starttime="20230109 04:05:42.732" endtime="20230109 04:05:42.753"/>
</kw>
<kw name="Wait Until Page Contains" library="SeleniumLibrary">
<arg>${Variable5} List</arg>
<doc>Waits until ``text`` appears on the current page.</doc>
<status status="PASS" starttime="20230109 04:05:42.753" endtime="20230109 04:05:42.761"/>
</kw>
<kw name="Sleep" library="BuiltIn">
<arg>1s</arg>
<doc>Pauses the test executed for the given time.</doc>
<msg timestamp="20230109 04:05:43.776" level="INFO">Slept 1 second</msg>
<status status="PASS" starttime="20230109 04:05:42.761" endtime="20230109 04:05:43.776"/>
</kw>
<kw name="Input Text" library="SeleniumLibrary">
<arg>${ListInput}</arg>
<arg>${Variable6}</arg>
<doc>Types the given ``text`` into the text field identified by ``locator``.</doc>
<msg timestamp="20230109 04:05:43.776" level="INFO">Typing text 'f' into text field '//input[@ng-model='home.list']'.</msg>
<status status="PASS" starttime="20230109 04:05:43.776" endtime="20230109 04:05:43.809"/>
</kw>
<kw name="Click Element" library="SeleniumLibrary">
<arg>${AddListButton}</arg>
<doc>Click the element identified by ``locator``.</doc>
<msg timestamp="20230109 04:05:43.809" level="INFO">Clicking element '//button[@ng-click='home.list &amp;&amp; home.add()']'.</msg>
<status status="PASS" starttime="20230109 04:05:43.809" endtime="20230109 04:05:43.829"/>
</kw>
<kw name="Wait Until Page Contains" library="SeleniumLibrary">
<arg>${Variable6} List</arg>
<doc>Waits until ``text`` appears on the current page.</doc>
<status status="PASS" starttime="20230109 04:05:43.829" endtime="20230109 04:05:43.837"/>
</kw>
<kw name="Sleep" library="BuiltIn">
<arg>1s</arg>
<doc>Pauses the test executed for the given time.</doc>
<msg timestamp="20230109 04:05:44.853" level="INFO">Slept 1 second</msg>
<status status="PASS" starttime="20230109 04:05:43.837" endtime="20230109 04:05:44.853"/>
</kw>
<kw name="Input Text" library="SeleniumLibrary">
<arg>${ListInput}</arg>
<arg>${Variable7}</arg>
<doc>Types the given ``text`` into the text field identified by ``locator``.</doc>
<msg timestamp="20230109 04:05:44.853" level="INFO">Typing text 'g' into text field '//input[@ng-model='home.list']'.</msg>
<status status="PASS" starttime="20230109 04:05:44.853" endtime="20230109 04:05:44.889"/>
</kw>
<kw name="Click Element" library="SeleniumLibrary">
<arg>${AddListButton}</arg>
<doc>Click the element identified by ``locator``.</doc>
<msg timestamp="20230109 04:05:44.889" level="INFO">Clicking element '//button[@ng-click='home.list &amp;&amp; home.add()']'.</msg>
<status status="PASS" starttime="20230109 04:05:44.889" endtime="20230109 04:05:44.911"/>
</kw>
<kw name="Wait Until Page Contains" library="SeleniumLibrary">
<arg>${Variable7} List</arg>
<doc>Waits until ``text`` appears on the current page.</doc>
<status status="PASS" starttime="20230109 04:05:44.911" endtime="20230109 04:05:44.920"/>
</kw>
<kw name="Sleep" library="BuiltIn">
<arg>1s</arg>
<doc>Pauses the test executed for the given time.</doc>
<msg timestamp="20230109 04:05:45.932" level="INFO">Slept 1 second</msg>
<status status="PASS" starttime="20230109 04:05:44.920" endtime="20230109 04:05:45.932"/>
</kw>
<kw name="Input Text" library="SeleniumLibrary">
<arg>${ListInput}</arg>
<arg>${Variable8}</arg>
<doc>Types the given ``text`` into the text field identified by ``locator``.</doc>
<msg timestamp="20230109 04:05:45.932" level="INFO">Typing text 'h' into text field '//input[@ng-model='home.list']'.</msg>
<status status="PASS" starttime="20230109 04:05:45.932" endtime="20230109 04:05:45.966"/>
</kw>
<kw name="Click Element" library="SeleniumLibrary">
<arg>${AddListButton}</arg>
<doc>Click the element identified by ``locator``.</doc>
<msg timestamp="20230109 04:05:45.966" level="INFO">Clicking element '//button[@ng-click='home.list &amp;&amp; home.add()']'.</msg>
<status status="PASS" starttime="20230109 04:05:45.966" endtime="20230109 04:05:45.985"/>
</kw>
<kw name="Wait Until Page Contains" library="SeleniumLibrary">
<arg>${Variable8} List</arg>
<doc>Waits until ``text`` appears on the current page.</doc>
<status status="PASS" starttime="20230109 04:05:45.985" endtime="20230109 04:05:45.993"/>
</kw>
<kw name="Sleep" library="BuiltIn">
<arg>1s</arg>
<doc>Pauses the test executed for the given time.</doc>
<msg timestamp="20230109 04:05:47.002" level="INFO">Slept 1 second</msg>
<status status="PASS" starttime="20230109 04:05:45.994" endtime="20230109 04:05:47.002"/>
</kw>
<kw name="Input Text" library="SeleniumLibrary">
<arg>${ListInput}</arg>
<arg>${Variable9}</arg>
<doc>Types the given ``text`` into the text field identified by ``locator``.</doc>
<msg timestamp="20230109 04:05:47.002" level="INFO">Typing text 'i' into text field '//input[@ng-model='home.list']'.</msg>
<status status="PASS" starttime="20230109 04:05:47.002" endtime="20230109 04:05:47.034"/>
</kw>
<kw name="Click Element" library="SeleniumLibrary">
<arg>${AddListButton}</arg>
<doc>Click the element identified by ``locator``.</doc>
<msg timestamp="20230109 04:05:47.034" level="INFO">Clicking element '//button[@ng-click='home.list &amp;&amp; home.add()']'.</msg>
<status status="PASS" starttime="20230109 04:05:47.034" endtime="20230109 04:05:47.054"/>
</kw>
<kw name="Wait Until Page Contains" library="SeleniumLibrary">
<arg>${Variable9} List</arg>
<doc>Waits until ``text`` appears on the current page.</doc>
<status status="PASS" starttime="20230109 04:05:47.054" endtime="20230109 04:05:47.062"/>
</kw>
<kw name="Sleep" library="BuiltIn">
<arg>1s</arg>
<doc>Pauses the test executed for the given time.</doc>
<msg timestamp="20230109 04:05:48.079" level="INFO">Slept 1 second</msg>
<status status="PASS" starttime="20230109 04:05:47.063" endtime="20230109 04:05:48.079"/>
</kw>
<kw name="Input Text" library="SeleniumLibrary">
<arg>${ListInput}</arg>
<arg>${Variable10}</arg>
<doc>Types the given ``text`` into the text field identified by ``locator``.</doc>
<msg timestamp="20230109 04:05:48.079" level="INFO">Typing text 'j' into text field '//input[@ng-model='home.list']'.</msg>
<status status="PASS" starttime="20230109 04:05:48.079" endtime="20230109 04:05:48.111"/>
</kw>
<kw name="Click Element" library="SeleniumLibrary">
<arg>${AddListButton}</arg>
<doc>Click the element identified by ``locator``.</doc>
<msg timestamp="20230109 04:05:48.112" level="INFO">Clicking element '//button[@ng-click='home.list &amp;&amp; home.add()']'.</msg>
<status status="PASS" starttime="20230109 04:05:48.111" endtime="20230109 04:05:48.132"/>
</kw>
<kw name="Wait Until Page Contains" library="SeleniumLibrary">
<arg>${Variable10} List</arg>
<doc>Waits until ``text`` appears on the current page.</doc>
<status status="PASS" starttime="20230109 04:05:48.132" endtime="20230109 04:05:48.139"/>
</kw>
<kw name="Sleep" library="BuiltIn">
<arg>1s</arg>
<doc>Pauses the test executed for the given time.</doc>
<msg timestamp="20230109 04:05:49.141" level="INFO">Slept 1 second</msg>
<status status="PASS" starttime="20230109 04:05:48.140" endtime="20230109 04:05:49.141"/>
</kw>
<status status="PASS" starttime="20230109 04:05:36.307" endtime="20230109 04:05:49.141"/>
</kw>
<kw name="Logout">
<kw name="Switch Window" library="SeleniumLibrary">
<arg>main</arg>
<doc>Switches to browser window matching ``locator``.</doc>
<status status="PASS" starttime="20230109 04:05:49.141" endtime="20230109 04:05:49.147"/>
</kw>
<kw name="Click Button" library="SeleniumLibrary">
<arg>${LogoutButton}</arg>
<doc>Clicks the button identified by ``locator``.</doc>
<msg timestamp="20230109 04:05:49.147" level="INFO">Clicking button 'Sign out'.</msg>
<status status="PASS" starttime="20230109 04:05:49.147" endtime="20230109 04:05:49.206"/>
</kw>
<kw name="Sleep" library="BuiltIn">
<arg>3s</arg>
<doc>Pauses the test executed for the given time.</doc>
<msg timestamp="20230109 04:05:52.216" level="INFO">Slept 3 seconds</msg>
<status status="PASS" starttime="20230109 04:05:49.206" endtime="20230109 04:05:52.216"/>
</kw>
<status status="PASS" starttime="20230109 04:05:49.141" endtime="20230109 04:05:52.216"/>
</kw>
<doc>US2 - Adding Text to List</doc>
<tag>input, logout</tag>
<status status="PASS" starttime="20230109 04:05:36.306" endtime="20230109 04:05:52.216"/>
</test>
<test id="s1-t3" name="Delete Items from List Test">
<kw name="Login">
<kw name="Go To" library="SeleniumLibrary">
<arg>${LoginLink}</arg>
<doc>Navigates the current browser window to the provided ``url``.</doc>
<msg timestamp="20230109 04:05:52.217" level="INFO">Opening url 'https://todo-list-login.firebaseapp.com/#!/'</msg>
<status status="PASS" starttime="20230109 04:05:52.217" endtime="20230109 04:05:52.252"/>
</kw>
<kw name="Click Element" library="SeleniumLibrary">
<arg>${GitHubSignIn}</arg>
<doc>Click the element identified by ``locator``.</doc>
<msg timestamp="20230109 04:05:52.252" level="INFO">Clicking element '//*[contains(@class,'btn btn-social btn-github') and contains(@ng-click,'login.loginWithGithub()')]'.</msg>
<status status="PASS" starttime="20230109 04:05:52.252" endtime="20230109 04:05:52.328"/>
</kw>
<kw name="Switch Window" library="SeleniumLibrary">
<arg>new</arg>
<doc>Switches to browser window matching ``locator``.</doc>
<status status="PASS" starttime="20230109 04:05:52.328" endtime="20230109 04:05:52.342"/>
</kw>
<status status="PASS" starttime="20230109 04:05:52.217" endtime="20230109 04:05:52.342"/>
</kw>
<kw name="Delete List">
<kw name="Switch Window" library="SeleniumLibrary">
<arg>main</arg>
<doc>Switches to browser window matching ``locator``.</doc>
<status status="PASS" starttime="20230109 04:05:52.342" endtime="20230109 04:05:52.348"/>
</kw>
<kw name="Sleep" library="BuiltIn">
<arg>5s</arg>
<doc>Pauses the test executed for the given time.</doc>
<msg timestamp="20230109 04:05:57.362" level="INFO">Slept 5 seconds</msg>
<status status="PASS" starttime="20230109 04:05:52.348" endtime="20230109 04:05:57.362"/>
</kw>
<kw name="Click Button" library="SeleniumLibrary">
<arg>${DeleteVariable5}</arg>
<doc>Clicks the button identified by ``locator``.</doc>
<msg timestamp="20230109 04:05:57.362" level="INFO">Clicking button '//body/ng-view[1]/div[1]/div[3]/div[1]/ul[1]/li[5]/div[1]/div[2]/button[1]'.</msg>
<status status="PASS" starttime="20230109 04:05:57.362" endtime="20230109 04:05:57.398"/>
</kw>
<kw name="Sleep" library="BuiltIn">
<arg>1s</arg>
<doc>Pauses the test executed for the given time.</doc>
<msg timestamp="20230109 04:05:58.410" level="INFO">Slept 1 second</msg>
<status status="PASS" starttime="20230109 04:05:57.399" endtime="20230109 04:05:58.410"/>
</kw>
<kw name="Click Button" library="SeleniumLibrary">
<arg>${DeleteVariable5}</arg>
<doc>Clicks the button identified by ``locator``.</doc>
<msg timestamp="20230109 04:05:58.410" level="INFO">Clicking button '//body/ng-view[1]/div[1]/div[3]/div[1]/ul[1]/li[5]/div[1]/div[2]/button[1]'.</msg>
<status status="PASS" starttime="20230109 04:05:58.410" endtime="20230109 04:05:58.445"/>
</kw>
<kw name="Sleep" library="BuiltIn">
<arg>1s</arg>
<doc>Pauses the test executed for the given time.</doc>
<msg timestamp="20230109 04:05:59.455" level="INFO">Slept 1 second</msg>
<status status="PASS" starttime="20230109 04:05:58.445" endtime="20230109 04:05:59.455"/>
</kw>
<kw name="Click Button" library="SeleniumLibrary">
<arg>${DeleteVariable5}</arg>
<doc>Clicks the button identified by ``locator``.</doc>
<msg timestamp="20230109 04:05:59.455" level="INFO">Clicking button '//body/ng-view[1]/div[1]/div[3]/div[1]/ul[1]/li[5]/div[1]/div[2]/button[1]'.</msg>
<status status="PASS" starttime="20230109 04:05:59.455" endtime="20230109 04:05:59.488"/>
</kw>
<kw name="Sleep" library="BuiltIn">
<arg>1s</arg>
<doc>Pauses the test executed for the given time.</doc>
<msg timestamp="20230109 04:06:00.501" level="INFO">Slept 1 second</msg>
<status status="PASS" starttime="20230109 04:05:59.488" endtime="20230109 04:06:00.501"/>
</kw>
<kw name="Click Button" library="SeleniumLibrary">
<arg>${DeleteVariable5}</arg>
<doc>Clicks the button identified by ``locator``.</doc>
<msg timestamp="20230109 04:06:00.501" level="INFO">Clicking button '//body/ng-view[1]/div[1]/div[3]/div[1]/ul[1]/li[5]/div[1]/div[2]/button[1]'.</msg>
<status status="PASS" starttime="20230109 04:06:00.501" endtime="20230109 04:06:00.534"/>
</kw>
<kw name="Sleep" library="BuiltIn">
<arg>1s</arg>
<doc>Pauses the test executed for the given time.</doc>
<msg timestamp="20230109 04:06:01.548" level="INFO">Slept 1 second</msg>
<status status="PASS" starttime="20230109 04:06:00.534" endtime="20230109 04:06:01.548"/>
</kw>
<kw name="Click Button" library="SeleniumLibrary">
<arg>${DeleteVariable5}</arg>
<doc>Clicks the button identified by ``locator``.</doc>
<msg timestamp="20230109 04:06:01.548" level="INFO">Clicking button '//body/ng-view[1]/div[1]/div[3]/div[1]/ul[1]/li[5]/div[1]/div[2]/button[1]'.</msg>
<status status="PASS" starttime="20230109 04:06:01.548" endtime="20230109 04:06:01.582"/>
</kw>
<kw name="Sleep" library="BuiltIn">
<arg>1s</arg>
<doc>Pauses the test executed for the given time.</doc>
<msg timestamp="20230109 04:06:02.593" level="INFO">Slept 1 second</msg>
<status status="PASS" starttime="20230109 04:06:01.582" endtime="20230109 04:06:02.593"/>
</kw>
<kw name="Click Button" library="SeleniumLibrary">
<arg>${DeleteVariable5}</arg>
<doc>Clicks the button identified by ``locator``.</doc>
<msg timestamp="20230109 04:06:02.593" level="INFO">Clicking button '//body/ng-view[1]/div[1]/div[3]/div[1]/ul[1]/li[5]/div[1]/div[2]/button[1]'.</msg>
<status status="PASS" starttime="20230109 04:06:02.593" endtime="20230109 04:06:02.626"/>
</kw>
<kw name="Sleep" library="BuiltIn">
<arg>1s</arg>
<doc>Pauses the test executed for the given time.</doc>
<msg timestamp="20230109 04:06:03.640" level="INFO">Slept 1 second</msg>
<status status="PASS" starttime="20230109 04:06:02.627" endtime="20230109 04:06:03.640"/>
</kw>
<status status="PASS" starttime="20230109 04:05:52.342" endtime="20230109 04:06:03.640"/>
</kw>
<kw name="Logout">
<kw name="Switch Window" library="SeleniumLibrary">
<arg>main</arg>
<doc>Switches to browser window matching ``locator``.</doc>
<status status="PASS" starttime="20230109 04:06:03.640" endtime="20230109 04:06:03.644"/>
</kw>
<kw name="Click Button" library="SeleniumLibrary">
<arg>${LogoutButton}</arg>
<doc>Clicks the button identified by ``locator``.</doc>
<msg timestamp="20230109 04:06:03.644" level="INFO">Clicking button 'Sign out'.</msg>
<status status="PASS" starttime="20230109 04:06:03.644" endtime="20230109 04:06:03.684"/>
</kw>
<kw name="Sleep" library="BuiltIn">
<arg>3s</arg>
<doc>Pauses the test executed for the given time.</doc>
<msg timestamp="20230109 04:06:06.700" level="INFO">Slept 3 seconds</msg>
<status status="PASS" starttime="20230109 04:06:03.684" endtime="20230109 04:06:06.700"/>
</kw>
<status status="PASS" starttime="20230109 04:06:03.640" endtime="20230109 04:06:06.700"/>
</kw>
<doc>US2 - Adding Text to List</doc>
<tag>login, delete list, logout</tag>
<status status="PASS" starttime="20230109 04:05:52.216" endtime="20230109 04:06:06.700"/>
</test>
<kw name="Close Browser" library="SeleniumLibrary" type="TEARDOWN">
<doc>Closes the current browser.</doc>
<status status="PASS" starttime="20230109 04:06:06.701" endtime="20230109 04:06:08.824"/>
</kw>
<status status="PASS" starttime="20230109 04:05:25.414" endtime="20230109 04:06:08.824"/>
</suite>
<statistics>
<total>
<stat pass="3" fail="0" skip="0">All Tests</stat>
</total>
<tag>
<stat pass="1" fail="0" skip="0">input, logout</stat>
<stat pass="1" fail="0" skip="0">login, delete list, logout</stat>
<stat pass="1" fail="0" skip="0">login, verification, logout</stat>
</tag>
<suite>
<stat pass="3" fail="0" skip="0" id="s1" name="Test">Test</stat>
</suite>
</statistics>
<errors>
</errors>
</robot>
